#
# There is insufficient memory for the Java Runtime Environment to continue.
# Native memory allocation (mmap) failed to map 104857600 bytes for committing reserved memory.
# Possible reasons:
#   The system is out of physical RAM or swap space
#   The process is running with CompressedOops enabled, and the Java Heap may be blocking the growth of the native heap
# Possible solutions:
#   Reduce memory load on the system
#   Increase physical memory or swap space
#   Check if swap backing store is full
#   Decrease Java heap size (-Xmx/-Xms)
#   Decrease number of Java threads
#   Decrease Java thread stack sizes (-Xss)
#   Set larger code cache with -XX:ReservedCodeCacheSize=
# This output file may be truncated or incomplete.
#
#  Out of Memory Error (os_linux.cpp:2725), pid=6242, tid=6243
#
# JRE version:  (11.0.7+8) (build )
# Java VM: Java HotSpot(TM) 64-Bit Server VM (11.0.7+8-LTS, mixed mode, sharing, tiered, compressed oops, g1 gc, linux-amd64)
# No core dump will be written. Core dumps have been disabled. To enable core dumping, try "ulimit -c unlimited" before starting Java again
#

---------------  S U M M A R Y ------------

Command Line: -Dwebdriver.gecko.driver=~/go/pkg/mod/github.com/tebeka/selenium@v0.9.9/vendor/geckodriver org.openqa.grid.selenium.GridLauncherV3 -port 4448 -debug

Host: Intel(R) Core(TM) i7-6700HQ CPU @ 2.60GHz, 8 cores, 6G, Ubuntu 16.04.6 LTS
Time: Fri Jul 10 16:27:19 2020 CEST elapsed time: 0 seconds (0d 0h 0m 0s)

---------------  T H R E A D  ---------------

Current thread (0x00007f23bc024000):  JavaThread "Unknown thread" [_thread_in_vm, id=6243, stack(0x00007f23c4435000,0x00007f23c4536000)]

Stack: [0x00007f23c4435000,0x00007f23c4536000],  sp=0x00007f23c4534180,  free space=1020k
Native frames: (J=compiled Java code, A=aot compiled Java code, j=interpreted, Vv=VM code, C=native code)
V  [libjvm.so+0xe73ed3]  VMError::report_and_die(int, char const*, char const*, __va_list_tag*, Thread*, unsigned char*, void*, void*, char const*, int, unsigned long)+0x353
V  [libjvm.so+0xe74b3b]  VMError::report_and_die(Thread*, char const*, int, unsigned long, VMErrorType, char const*, __va_list_tag*)+0x2b
V  [libjvm.so+0x69bda5]  report_vm_out_of_memory(char const*, int, unsigned long, VMErrorType, char const*, ...)+0xd5
V  [libjvm.so+0xc4b6a8]  os::pd_commit_memory_or_exit(char*, unsigned long, unsigned long, bool, char const*)+0x108
V  [libjvm.so+0xc42a9d]  os::commit_memory_or_exit(char*, unsigned long, unsigned long, bool, char const*)+0x1d
V  [libjvm.so+0x7b5d7c]  G1PageBasedVirtualSpace::commit_preferred_pages(unsigned long, unsigned long)+0x6c
V  [libjvm.so+0x7b601e]  G1PageBasedVirtualSpace::commit(unsigned long, unsigned long)+0x5e
V  [libjvm.so+0x7c1df0]  G1RegionsLargerThanCommitSizeMapper::commit_regions(unsigned int, unsigned long, WorkGang*)+0x40
V  [libjvm.so+0x83dcd9]  HeapRegionManager::commit_regions(unsigned int, unsigned long, WorkGang*)+0x89
V  [libjvm.so+0x83e92f]  HeapRegionManager::make_regions_available(unsigned int, unsigned int, WorkGang*)+0x3f
V  [libjvm.so+0x83edb9]  HeapRegionManager::expand_at(unsigned int, unsigned int, WorkGang*) [clone .part.44]+0x119
V  [libjvm.so+0x77a43f]  G1CollectedHeap::expand(unsigned long, WorkGang*, double*)+0xdf
V  [libjvm.so+0x77ab4d]  G1CollectedHeap::initialize()+0x68d
V  [libjvm.so+0xe2e7c1]  Universe::initialize_heap()+0x41
V  [libjvm.so+0xe2ea86]  universe_init()+0x46
V  [libjvm.so+0x856c87]  init_globals()+0x57
V  [libjvm.so+0xe0c397]  Threads::create_vm(JavaVMInitArgs*, bool*)+0x357
V  [libjvm.so+0x914ca2]  JNI_CreateJavaVM+0x52
C  [libjli.so+0x49c6]  JavaMain+0x86


---------------  P R O C E S S  ---------------

Threads class SMR info:
_java_thread_list=0x00005653ac236500, length=0, elements={
}

Java Threads: ( => current thread )

Other Threads:
  0x00007f23bc039800 GCTaskThread "GC Thread#0" [stack: 0x00007f23c09af000,0x00007f23c0aaf000] [id=6244]
  0x00007f23bc062000 ConcurrentGCThread "G1 Main Marker" [stack: 0x00007f23c00a6000,0x00007f23c01a6000] [id=6245]
  0x00007f23bc064000 ConcurrentGCThread "G1 Conc#0" [stack: 0x00007f23a4128000,0x00007f23a4228000] [id=6246]

[error occurred during error reporting (printing all threads), id 0xb, SIGSEGV (0xb) at pc=0x00007f23c29c5cc0]

VM state:not at safepoint (not fully initialized)

VM Mutex/Monitor currently owned by a thread:  ([mutex/lock_event])
[0x00007f23bc020530] Heap_lock - owner thread: 0x00007f23bc024000

Heap address: 0x000000009d600000, size: 1578 MB, Compressed Oops mode: Non-zero based: 0x000000009d600000
Narrow klass base: 0x0000000000000000, Narrow klass shift: 0

GC Heap History (0 events):
No events

Deoptimization events (0 events):
No events

Classes redefined (0 events):
No events

Internal exceptions (0 events):
No events

Events (0 events):
No events


Dynamic libraries:
a3a00000-100000000 ---p 00000000 00:00 0 
5653aa78c000-5653aa78d000 r-xp 00000000 08:10 68073                      /usr/jdk/bin/java
5653aa98d000-5653aa98e000 r--p 00001000 08:10 68073                      /usr/jdk/bin/java
5653aa98e000-5653aa98f000 rw-p 00002000 08:10 68073                      /usr/jdk/bin/java
5653ac233000-5653ac254000 rw-p 00000000 00:00 0                          [heap]
7f2390000000-7f2390021000 rw-p 00000000 00:00 0 
7f2390021000-7f2394000000 ---p 00000000 00:00 0 
7f2396000000-7f2398000000 rw-p 00000000 00:00 0 
7f2398000000-7f2398021000 rw-p 00000000 00:00 0 
7f2398021000-7f239c000000 ---p 00000000 00:00 0 
7f239c3fe000-7f239ceb0000 rw-p 00000000 00:00 0 
7f239ceb0000-7f23a0000000 ---p 00000000 00:00 0 
7f23a0000000-7f23a0021000 rw-p 00000000 00:00 0 
7f23a0021000-7f23a4000000 ---p 00000000 00:00 0 
7f23a4026000-7f23a4127000 rw-p 00000000 00:00 0 
7f23a4127000-7f23a4128000 ---p 00000000 00:00 0 
7f23a4128000-7f23a4228000 rw-p 00000000 00:00 0 
7f23a4228000-7f23a4b67000 ---p 00000000 00:00 0 
7f23a4b67000-7f23a4dd7000 rwxp 00000000 00:00 0 
7f23a4dd7000-7f23a50f8000 ---p 00000000 00:00 0 
7f23a50f8000-7f23a5368000 rwxp 00000000 00:00 0 
7f23a5368000-7f23ac62f000 ---p 00000000 00:00 0 
7f23ac62f000-7f23ac89f000 rwxp 00000000 00:00 0 
7f23ac89f000-7f23b3b67000 ---p 00000000 00:00 0 
7f23b3b67000-7f23bc000000 r--s 00000000 08:10 68809                      /usr/jdk/lib/modules
7f23bc000000-7f23bc092000 rw-p 00000000 00:00 0 
7f23bc092000-7f23c0000000 ---p 00000000 00:00 0 
7f23c00a5000-7f23c00a6000 ---p 00000000 00:00 0 
7f23c00a6000-7f23c09ae000 rw-p 00000000 00:00 0 
7f23c09ae000-7f23c09af000 ---p 00000000 00:00 0 
7f23c09af000-7f23c0ab4000 rw-p 00000000 00:00 0 
7f23c0ab4000-7f23c0b9a000 ---p 00000000 00:00 0 
7f23c0b9a000-7f23c0b9f000 rw-p 00000000 00:00 0 
7f23c0b9f000-7f23c0c85000 ---p 00000000 00:00 0 
7f23c0c85000-7f23c0c8c000 r-xp 00000000 08:10 68813                      /usr/jdk/lib/libzip.so
7f23c0c8c000-7f23c0e8b000 ---p 00007000 08:10 68813                      /usr/jdk/lib/libzip.so
7f23c0e8b000-7f23c0e8c000 r--p 00006000 08:10 68813                      /usr/jdk/lib/libzip.so
7f23c0e8c000-7f23c0e8d000 rw-p 00007000 08:10 68813                      /usr/jdk/lib/libzip.so
7f23c0e8d000-7f23c0e98000 r-xp 00000000 08:10 32597                      /lib/x86_64-linux-gnu/libnss_files-2.23.so
7f23c0e98000-7f23c1097000 ---p 0000b000 08:10 32597                      /lib/x86_64-linux-gnu/libnss_files-2.23.so
7f23c1097000-7f23c1098000 r--p 0000a000 08:10 32597                      /lib/x86_64-linux-gnu/libnss_files-2.23.so
7f23c1098000-7f23c1099000 rw-p 0000b000 08:10 32597                      /lib/x86_64-linux-gnu/libnss_files-2.23.so
7f23c1099000-7f23c109f000 rw-p 00000000 00:00 0 
7f23c109f000-7f23c10aa000 r-xp 00000000 08:10 32601                      /lib/x86_64-linux-gnu/libnss_nis-2.23.so
7f23c10aa000-7f23c12a9000 ---p 0000b000 08:10 32601                      /lib/x86_64-linux-gnu/libnss_nis-2.23.so
7f23c12a9000-7f23c12aa000 r--p 0000a000 08:10 32601                      /lib/x86_64-linux-gnu/libnss_nis-2.23.so
7f23c12aa000-7f23c12ab000 rw-p 0000b000 08:10 32601                      /lib/x86_64-linux-gnu/libnss_nis-2.23.so
7f23c12ab000-7f23c12c1000 r-xp 00000000 08:10 32587                      /lib/x86_64-linux-gnu/libnsl-2.23.so
7f23c12c1000-7f23c14c0000 ---p 00016000 08:10 32587                      /lib/x86_64-linux-gnu/libnsl-2.23.so
7f23c14c0000-7f23c14c1000 r--p 00015000 08:10 32587                      /lib/x86_64-linux-gnu/libnsl-2.23.so
7f23c14c1000-7f23c14c2000 rw-p 00016000 08:10 32587                      /lib/x86_64-linux-gnu/libnsl-2.23.so
7f23c14c2000-7f23c14c4000 rw-p 00000000 00:00 0 
7f23c14c4000-7f23c14cc000 r-xp 00000000 08:10 32599                      /lib/x86_64-linux-gnu/libnss_compat-2.23.so
7f23c14cc000-7f23c16cb000 ---p 00008000 08:10 32599                      /lib/x86_64-linux-gnu/libnss_compat-2.23.so
7f23c16cb000-7f23c16cc000 r--p 00007000 08:10 32599                      /lib/x86_64-linux-gnu/libnss_compat-2.23.so
7f23c16cc000-7f23c16cd000 rw-p 00008000 08:10 32599                      /lib/x86_64-linux-gnu/libnss_compat-2.23.so
7f23c16cd000-7f23c16e8000 r-xp 00000000 08:10 68867                      /usr/jdk/lib/libjimage.so
7f23c16e8000-7f23c18e7000 ---p 0001b000 08:10 68867                      /usr/jdk/lib/libjimage.so
7f23c18e7000-7f23c18e9000 r--p 0001a000 08:10 68867                      /usr/jdk/lib/libjimage.so
7f23c18e9000-7f23c18ea000 rw-p 0001c000 08:10 68867                      /usr/jdk/lib/libjimage.so
7f23c18ea000-7f23c1913000 r-xp 00000000 08:10 68819                      /usr/jdk/lib/libjava.so
7f23c1913000-7f23c1b12000 ---p 00029000 08:10 68819                      /usr/jdk/lib/libjava.so
7f23c1b12000-7f23c1b13000 r--p 00028000 08:10 68819                      /usr/jdk/lib/libjava.so
7f23c1b13000-7f23c1b15000 rw-p 00029000 08:10 68819                      /usr/jdk/lib/libjava.so
7f23c1b15000-7f23c1b22000 r-xp 00000000 08:10 68855                      /usr/jdk/lib/libverify.so
7f23c1b22000-7f23c1d21000 ---p 0000d000 08:10 68855                      /usr/jdk/lib/libverify.so
7f23c1d21000-7f23c1d23000 r--p 0000c000 08:10 68855                      /usr/jdk/lib/libverify.so
7f23c1d23000-7f23c1d24000 rw-p 0000e000 08:10 68855                      /usr/jdk/lib/libverify.so
7f23c1d24000-7f23c1d2b000 r-xp 00000000 08:10 32604                      /lib/x86_64-linux-gnu/librt-2.23.so
7f23c1d2b000-7f23c1f2a000 ---p 00007000 08:10 32604                      /lib/x86_64-linux-gnu/librt-2.23.so
7f23c1f2a000-7f23c1f2b000 r--p 00006000 08:10 32604                      /lib/x86_64-linux-gnu/librt-2.23.so
7f23c1f2b000-7f23c1f2c000 rw-p 00007000 08:10 32604                      /lib/x86_64-linux-gnu/librt-2.23.so
7f23c1f2c000-7f23c2034000 r-xp 00000000 08:10 32588                      /lib/x86_64-linux-gnu/libm-2.23.so
7f23c2034000-7f23c2233000 ---p 00108000 08:10 32588                      /lib/x86_64-linux-gnu/libm-2.23.so
7f23c2233000-7f23c2234000 r--p 00107000 08:10 32588                      /lib/x86_64-linux-gnu/libm-2.23.so
7f23c2234000-7f23c2235000 rw-p 00108000 08:10 32588                      /lib/x86_64-linux-gnu/libm-2.23.so
7f23c2235000-7f23c33ba000 r-xp 00000000 08:10 68767                      /usr/jdk/lib/server/libjvm.so
7f23c33ba000-7f23c35b9000 ---p 01185000 08:10 68767                      /usr/jdk/lib/server/libjvm.so
7f23c35b9000-7f23c3678000 r--p 01184000 08:10 68767                      /usr/jdk/lib/server/libjvm.so
7f23c3678000-7f23c36b2000 rw-p 01243000 08:10 68767                      /usr/jdk/lib/server/libjvm.so
7f23c36b2000-7f23c3709000 rw-p 00000000 00:00 0 
7f23c3709000-7f23c38c9000 r-xp 00000000 08:10 32584                      /lib/x86_64-linux-gnu/libc-2.23.so
7f23c38c9000-7f23c3ac9000 ---p 001c0000 08:10 32584                      /lib/x86_64-linux-gnu/libc-2.23.so
7f23c3ac9000-7f23c3acd000 r--p 001c0000 08:10 32584                      /lib/x86_64-linux-gnu/libc-2.23.so
7f23c3acd000-7f23c3acf000 rw-p 001c4000 08:10 32584                      /lib/x86_64-linux-gnu/libc-2.23.so
7f23c3acf000-7f23c3ad3000 rw-p 00000000 00:00 0 
7f23c3ad3000-7f23c3ad6000 r-xp 00000000 08:10 32582                      /lib/x86_64-linux-gnu/libdl-2.23.so
7f23c3ad6000-7f23c3cd5000 ---p 00003000 08:10 32582                      /lib/x86_64-linux-gnu/libdl-2.23.so
7f23c3cd5000-7f23c3cd6000 r--p 00002000 08:10 32582                      /lib/x86_64-linux-gnu/libdl-2.23.so
7f23c3cd6000-7f23c3cd7000 rw-p 00003000 08:10 32582                      /lib/x86_64-linux-gnu/libdl-2.23.so
7f23c3cd7000-7f23c3ce6000 r-xp 00000000 08:10 68787                      /usr/jdk/lib/jli/libjli.so
7f23c3ce6000-7f23c3ee6000 ---p 0000f000 08:10 68787                      /usr/jdk/lib/jli/libjli.so
7f23c3ee6000-7f23c3ee7000 r--p 0000f000 08:10 68787                      /usr/jdk/lib/jli/libjli.so
7f23c3ee7000-7f23c3ee8000 rw-p 00010000 08:10 68787                      /usr/jdk/lib/jli/libjli.so
7f23c3ee8000-7f23c3f00000 r-xp 00000000 08:10 32585                      /lib/x86_64-linux-gnu/libpthread-2.23.so
7f23c3f00000-7f23c40ff000 ---p 00018000 08:10 32585                      /lib/x86_64-linux-gnu/libpthread-2.23.so
7f23c40ff000-7f23c4100000 r--p 00017000 08:10 32585                      /lib/x86_64-linux-gnu/libpthread-2.23.so
7f23c4100000-7f23c4101000 rw-p 00018000 08:10 32585                      /lib/x86_64-linux-gnu/libpthread-2.23.so
7f23c4101000-7f23c4105000 rw-p 00000000 00:00 0 
7f23c4105000-7f23c411e000 r-xp 00000000 08:10 9937                       /lib/x86_64-linux-gnu/libz.so.1.2.8
7f23c411e000-7f23c431d000 ---p 00019000 08:10 9937                       /lib/x86_64-linux-gnu/libz.so.1.2.8
7f23c431d000-7f23c431e000 r--p 00018000 08:10 9937                       /lib/x86_64-linux-gnu/libz.so.1.2.8
7f23c431e000-7f23c431f000 rw-p 00019000 08:10 9937                       /lib/x86_64-linux-gnu/libz.so.1.2.8
7f23c431f000-7f23c4345000 r-xp 00000000 08:10 32595                      /lib/x86_64-linux-gnu/ld-2.23.so
7f23c43bb000-7f23c4426000 rw-p 00000000 00:00 0 
7f23c4426000-7f23c442d000 ---p 00000000 00:00 0 
7f23c442d000-7f23c4435000 rw-s 00000000 08:10 91733                      /tmp/hsperfdata_hawck/6242
7f23c4435000-7f23c4439000 ---p 00000000 00:00 0 
7f23c4439000-7f23c453b000 rw-p 00000000 00:00 0 
7f23c4542000-7f23c4543000 ---p 00000000 00:00 0 
7f23c4543000-7f23c4544000 r--p 00000000 00:00 0 
7f23c4544000-7f23c4545000 r--p 00025000 08:10 32595                      /lib/x86_64-linux-gnu/ld-2.23.so
7f23c4545000-7f23c4546000 rw-p 00026000 08:10 32595                      /lib/x86_64-linux-gnu/ld-2.23.so
7f23c4546000-7f23c4547000 rw-p 00000000 00:00 0 
7ffffda86000-7ffffdaa8000 rw-p 00000000 00:00 0                          [stack]
7ffffdaa9000-7ffffdaac000 r--p 00000000 00:00 0                          [vvar]
7ffffdaac000-7ffffdaae000 r-xp 00000000 00:00 0                          [vdso]


VM Arguments:
jvm_args: -Dwebdriver.gecko.driver=~/go/pkg/mod/github.com/tebeka/selenium@v0.9.9/vendor/geckodriver 
java_command: org.openqa.grid.selenium.GridLauncherV3 -port 4448 -debug
java_class_path (initial): ~/go/pkg/mod/github.com/tebeka/selenium@v0.9.9/vendor/selenium-server-standalone.jar
Launcher Type: SUN_STANDARD

[Global flags]
     intx CICompilerCount                          = 4                                         {product} {ergonomic}
     uint ConcGCThreads                            = 2                                         {product} {ergonomic}
     uint G1ConcRefinementThreads                  = 8                                         {product} {ergonomic}
   size_t G1HeapRegionSize                         = 1048576                                   {product} {ergonomic}
    uintx GCDrainStackTargetSize                   = 64                                        {product} {ergonomic}
   size_t InitialHeapSize                          = 104857600                                 {product} {ergonomic}
   size_t MarkStackSize                            = 4194304                                   {product} {ergonomic}
   size_t MaxHeapSize                              = 1654652928                                {product} {ergonomic}
   size_t MinHeapDeltaBytes                        = 1048576                                   {product} {ergonomic}
    uintx NonNMethodCodeHeapSize                   = 5836300                                {pd product} {ergonomic}
    uintx NonProfiledCodeHeapSize                  = 122910970                              {pd product} {ergonomic}
    uintx ProfiledCodeHeapSize                     = 122910970                              {pd product} {ergonomic}
    uintx ReservedCodeCacheSize                    = 251658240                              {pd product} {ergonomic}
     bool SegmentedCodeCache                       = true                                      {product} {ergonomic}
     bool UseCompressedClassPointers               = true                                 {lp64_product} {ergonomic}
     bool UseCompressedOops                        = true                                 {lp64_product} {ergonomic}
     bool UseG1GC                                  = true                                      {product} {ergonomic}

Logging:
Log output configuration:
 #0: stdout all=warning uptime,level,tags
 #1: stderr all=off uptime,level,tags

Environment Variables:
PATH=/home/hawck/bin:/home/hawck/.local/bin:/home/hawck/bin:/home/hawck/.local/bin:/usr/local/sbin:/usr/local/bin:/usr/sbin:/usr/bin:/sbin:/bin:/usr/games:/usr/local/games:/mnt/c/Program Files (x86)/Common Files/Oracle/Java/javapath:/mnt/c/Program Files (x86)/Common Files/Intel/Shared Libraries/redist/intel64/compiler:/mnt/c/ProgramData/Oracle/Java/javapath:/mnt/c/Program Files (x86)/Intel/iCLS Client/:/mnt/c/Program Files/Intel/iCLS Client/:/mnt/c/Windows/system32:/mnt/c/Windows:/mnt/c/Windows/System32/Wbem:/mnt/c/Windows/System32/WindowsPowerShell/v1.0/:/mnt/c/Program Files (x86)/Intel/Intel(R) Management Engine Components/DAL:/mnt/c/Program Files/Intel/Intel(R) Management Engine Components/DAL:/mnt/c/Program Files (x86)/Intel/Intel(R) Management Engine Components/IPT:/mnt/c/Program Files/Intel/Intel(R) Management Engine Components/IPT:/mnt/c/Program Files (x86)/GtkSharp/2.12/bin:/mnt/c/WINDOWS/system32:/mnt/c/WINDOWS:/mnt/c/WINDOWS/System32/Wbem:/mnt/c/WINDOWS/System32/WindowsPowerShell/v1.0/:/mnt/c/Users/hug21/Desktop/Latex/miktex/bin/:/mnt/d/Mikteck/miktex/bin/:/mnt/d/Git/cmd:/mnt/d/MiKTeX/miktex/bin/:/mnt/c/Program Files (x86)/NVIDIA Corporation/PhysX/Common:/mnt/c/Users/hug21/.dnx/bin:/mnt/c/Program Files/Microsoft DNX/Dnvm/:/mnt/c/Program Files/Microsoft SQL Server/130/Tools/Binn/:/mnt/d/CloudFoundry:/mnt/d/java redhat/bin:/mnt/d/Node/:/mnt/c/Program Files (x86)/Skype/Phone/:/mnt/d/LLVM/bin:/mnt/d/CMake/bin:/mnt/d/SlikSvn/bin:/mnt/d/Brackets/command:/mnt/c/WINDOWS/system32:/mnt/c/WINDOWS:/mnt/c/WINDOWS/System32/Wbem:/mnt/c/WINDOWS/System32/WindowsPowerShell/v1.0/:/mnt/d/putty/:/mnt/d/MinGW/bin:/mnt/d/PostrgreSQL/bin:/mnt/c/WINDOWS/System32/OpenSSH/:/mnt/d/Microsoft VS Code/bin:/mnt/d/Go/bin:/mnt/d/Ruby23-x64/bin:/mnt/c/Users/hug21/Anaconda3:/mnt/c/Users/hug21/Anaconda3/Scripts:/mnt/d/sqlite:/mnt/c/Users/hug21/AppData/Local/Microsoft/WindowsApps:/mnt/c/Users/hug21/AppData/Roaming/npm:/mnt/c/Users/hug21/go/bin:/snap/bin:/home/hawck/go/bin:/usr/local/go/bin:/usr/j
SHELL=/bin/bash
HOSTTYPE=x86_64

Signal Handlers:
SIGSEGV: [libjvm.so+0xe75910], sa_mask[0]=11111111011111111101111111111110, sa_flags=SA_RESTART|SA_SIGINFO
SIGBUS: [libjvm.so+0xe75910], sa_mask[0]=11111111011111111101111111111110, sa_flags=SA_RESTART|SA_SIGINFO
SIGFPE: [libjvm.so+0xe75910], sa_mask[0]=11111111011111111101111111111110, sa_flags=SA_RESTART|SA_SIGINFO
SIGPIPE: [libjvm.so+0xc473a0], sa_mask[0]=11111111011111111101111111111110, sa_flags=SA_RESTART|SA_SIGINFO
SIGXFSZ: [libjvm.so+0xc473a0], sa_mask[0]=11111111011111111101111111111110, sa_flags=SA_RESTART|SA_SIGINFO
SIGILL: [libjvm.so+0xe75910], sa_mask[0]=11111111011111111101111111111110, sa_flags=SA_RESTART|SA_SIGINFO
SIGUSR2: [libjvm.so+0xc47240], sa_mask[0]=00000000000000000000000000000000, sa_flags=SA_RESTART|SA_SIGINFO
SIGHUP: SIG_DFL, sa_mask[0]=00000000000000000000000000000000, sa_flags=none
SIGINT: SIG_DFL, sa_mask[0]=00000000000000000000000000000000, sa_flags=none
SIGTERM: SIG_DFL, sa_mask[0]=00000000000000000000000000000000, sa_flags=none
SIGQUIT: SIG_DFL, sa_mask[0]=00000000000000000000000000000000, sa_flags=none


---------------  S Y S T E M  ---------------

OS:DISTRIB_ID=Ubuntu
DISTRIB_RELEASE=16.04
DISTRIB_CODENAME=xenial
DISTRIB_DESCRIPTION="Ubuntu 16.04.6 LTS"
uname:Linux 4.19.104-microsoft-standard #1 SMP Wed Feb 19 06:37:35 UTC 2020 x86_64
libc:glibc 2.23 NPTL 2.23 
rlimit: STACK 8192k, CORE 0k, NPROC 25210, NOFILE 4096, AS infinity, DATA infinity, FSIZE infinity
load average:4.49 2.83 2.27

/proc/meminfo:
MemTotal:        6458752 kB
MemFree:          107860 kB
MemAvailable:      37904 kB
Buffers:            3908 kB
Cached:           260428 kB
SwapCached:         1252 kB
Active:          5361580 kB
Inactive:         600296 kB
Active(anon):    5322344 kB
Inactive(anon):   555976 kB
Active(file):      39236 kB
Inactive(file):    44320 kB
Unevictable:           0 kB
Mlocked:               0 kB
SwapTotal:       2097152 kB
SwapFree:              0 kB
Dirty:               196 kB
Writeback:             0 kB
AnonPages:       5696152 kB
Mapped:           117276 kB
Shmem:            180672 kB
Slab:              98672 kB
SReclaimable:      27984 kB
SUnreclaim:        70688 kB
KernelStack:       79424 kB
PageTables:       125832 kB
NFS_Unstable:          0 kB
Bounce:                0 kB
WritebackTmp:          0 kB
CommitLimit:     5326528 kB
Committed_AS:   17724900 kB
VmallocTotal:   34359738367 kB
VmallocUsed:           0 kB
VmallocChunk:          0 kB
Percpu:             1888 kB
AnonHugePages:    552960 kB
ShmemHugePages:        0 kB
ShmemPmdMapped:        0 kB
HugePages_Total:       0
HugePages_Free:        0
HugePages_Rsvd:        0
HugePages_Surp:        0
Hugepagesize:       2048 kB
Hugetlb:               0 kB
DirectMap4k:      308224 kB
DirectMap2M:     6361088 kB
DirectMap1G:     1048576 kB


/proc/sys/kernel/threads-max (system-wide limit on the number of threads):
50421


/proc/sys/vm/max_map_count (maximum number of memory map areas a process may have):
65530


/proc/sys/kernel/pid_max (system-wide limit on number of process identifiers):
32768



container (cgroup) information:
container_type: cgroupv1
cpu_cpuset_cpus: 0-7
cpu_memory_nodes: 0
active_processor_count: 8
cpu_quota: -1
cpu_period: 100000
cpu_shares: -1
memory_limit_in_bytes: -1
memory_and_swap_limit_in_bytes: -1
memory_soft_limit_in_bytes: -1
memory_usage_in_bytes: 6104104960
memory_max_usage_in_bytes: 5583097856


CPU:total 8 (initial active 8) (4 cores per cpu, 2 threads per core) family 6 model 94 stepping 3, cmov, cx8, fxsr, mmx, sse, sse2, sse3, ssse3, sse4.1, sse4.2, popcnt, avx, avx2, aes, clmul, erms, rtm, 3dnowpref, lzcnt, ht, tsc, bmi1, bmi2, adx, fma
CPU Model and flags from /proc/cpuinfo:
model name	: Intel(R) Core(TM) i7-6700HQ CPU @ 2.60GHz
flags		: fpu vme de pse tsc msr pae mce cx8 apic sep mtrr pge mca cmov pat pse36 clflush mmx fxsr sse sse2 ss ht syscall nx pdpe1gb rdtscp lm constant_tsc rep_good nopl xtopology cpuid pni pclmulqdq ssse3 fma cx16 pcid sse4_1 sse4_2 movbe popcnt aes xsave avx f16c rdrand hypervisor lahf_lm abm 3dnowprefetch invpcid_single pti ssbd ibrs ibpb stibp fsgsbase bmi1 hle avx2 smep bmi2 erms invpcid rtm rdseed adx smap clflushopt xsaveopt xsavec xgetbv1 xsaves flush_l1d arch_capabilities

Memory: 4k page, physical 6458752k(108364k free), swap 2097152k(0k free)

vm_info: Java HotSpot(TM) 64-Bit Server VM (11.0.7+8-LTS) for linux-amd64 JRE (11.0.7+8-LTS), built on Mar 12 2020 01:10:24 by "mach5one" with gcc 7.3.0

END.
